<?xml version="1.0" encoding="UTF-8" ?>
<testsuite errors="0" failures="0" hostname="MacBook-Pro-di-Marco.local" name="Test.AllTestsOK" skipped="0" tests="63" time="10.546" timestamp="2014-06-19T13:21:47">
  <properties>
[...]
</properties>
  <testcase classname="Test.AggiungiLibroTest" name="test1" time="0.408" />
  <testcase classname="Test.AggiungiLibroTest" name="test2" time="0.144" />
  <testcase classname="Test.AggiungiLibroTest" name="test3" time="0.254" />
  <testcase classname="Test.CreaCategoriaTest" name="test1" time="0.072" />
  <testcase classname="Test.CreaCategoriaTest" name="test2" time="0.149" />
  <testcase classname="Test.CreaCategoriaTest" name="test3" time="0.065" />
  <testcase classname="Test.LoginTest" name="test6" time="0.007" />
  <testcase classname="Test.LoginTest" name="test7" time="0.004" />
  <testcase classname="Test.LoginTest" name="test4" time="0.006" />
  <testcase classname="Test.LoginTest" name="test9" time="0.004" />
  <testcase classname="Test.LoginTest" name="test8" time="0.003" />
  <testcase classname="Test.LoginTest" name="test5" time="0.004" />
  <testcase classname="Test.LoginTest" name="test10" time="0.005" />
  <testcase classname="Test.LoginTest" name="test1" time="0.061" />
  <testcase classname="Test.LoginTest" name="test2" time="0.02" />
  <testcase classname="Test.LoginTest" name="test3" time="0.003" />
  <testcase classname="Test.ModificaInformazioniLibroTest" name="test1" time="0.083" />
  <testcase classname="Test.ModificaInformazioniLibroTest" name="test2" time="0.085" />
  <testcase classname="Test.RegistrazioneTest" name="test6" time="0.003" />
  <testcase classname="Test.RegistrazioneTest" name="test7" time="0.003" />
  <testcase classname="Test.RegistrazioneTest" name="test4" time="0.002" />
  <testcase classname="Test.RegistrazioneTest" name="test9" time="0.003" />
  <testcase classname="Test.RegistrazioneTest" name="test8" time="0.003" />
  <testcase classname="Test.RegistrazioneTest" name="test5" time="0.003" />
  <testcase classname="Test.RegistrazioneTest" name="test10" time="0.004" />
  <testcase classname="Test.RegistrazioneTest" name="test11" time="0.003" />
  <testcase classname="Test.RegistrazioneTest" name="test12" time="0.003" />
  <testcase classname="Test.RegistrazioneTest" name="test13" time="0.004" />
  <testcase classname="Test.RegistrazioneTest" name="test14" time="0.003" />
  <testcase classname="Test.RegistrazioneTest" name="test15" time="0.002" />
  <testcase classname="Test.RegistrazioneTest" name="test16" time="0.003" />
  <testcase classname="Test.RegistrazioneTest" name="test17" time="0.004" />
  <testcase classname="Test.RegistrazioneTest" name="test18" time="0.004" />
  <testcase classname="Test.RegistrazioneTest" name="test19" time="0.004" />
  <testcase classname="Test.RegistrazioneTest" name="test21" time="0.045" />
  <testcase classname="Test.RegistrazioneTest" name="test20" time="0.025" />
  <testcase classname="Test.RegistrazioneTest" name="test1" time="0.003" />
  <testcase classname="Test.RegistrazioneTest" name="test2" time="0.004" />
  <testcase classname="Test.RegistrazioneTest" name="test3" time="0.003" />
  <testcase classname="Test.RicercaGoogleBooksTest" name="test10" time="0.034" />
  <testcase classname="Test.RicercaGoogleBooksTest" name="test11" time="0.03" />
  <testcase classname="Test.RicercaGoogleBooksTest" name="test12" time="0.028" />
  <testcase classname="Test.RicercaGoogleBooksTest" name="test13" time="0.028" />
  <testcase classname="Test.RicercaGoogleBooksTest" name="test14" time="0.03" />
  <testcase classname="Test.RicercaGoogleBooksTest" name="test15" time="0.029" />
  <testcase classname="Test.RicercaGoogleBooksTest" name="test16" time="0.029" />
  <testcase classname="Test.RicercaGoogleBooksTest" name="test17" time="0.03" />
  <testcase classname="Test.RicercaGoogleBooksTest" name="test18" time="0.029" />
  <testcase classname="Test.RicercaGoogleBooksTest" name="test19" time="0.028" />
  <testcase classname="Test.RicercaGoogleBooksTest" name="test21" time="0.032" />
  <testcase classname="Test.RicercaGoogleBooksTest" name="test20" time="0.029" />
  <testcase classname="Test.RicercaGoogleBooksTest" name="test1" time="0.628" />
  <testcase classname="Test.RicercaGoogleBooksTest" name="test2" time="0.336" />
  <testcase classname="Test.RicercaLibroNellaLibreriaTest" name="test1" time="0.181" />
  <testcase classname="Test.RimuoviCategoriaTest" name="test1" time="0.099" />
  <testcase classname="Test.RimuoviCategoriaTest" name="test2" time="0.21" />
  <testcase classname="Test.RimuoviLibroTest" name="test1" time="0.145" />
  <testcase classname="Test.RimuoviLibroTest" name="test2" time="0.164" />
  <testcase classname="Test.VisualizzaElencoCategorieTest" name="test1" time="0.019" />
  <testcase classname="Test.VisualizzaElencoCategorieTest" name="test2" time="0.133" />
  <testcase classname="Test.VisualizzaLibreriaTest" name="test1" time="0.029" />
  <testcase classname="Test.VisualizzaLibreriaTest" name="test2" time="0.192" />
  <testcase classname="Test.VisualizzaSchedaLibroTest" name="test1" time="0.083" />
  <system-out><![CDATA[[EL Info]: 2014-06-19 15:21:48.524--ServerSession(1360057891)--EclipseLink, version: Eclipse Persistence Services - 2.5.1.v20130918-f2b9fc5
[EL Info]: connection: 2014-06-19 15:21:48.694--ServerSession(1360057891)--file:/Users/marchins/NetBeansProjects/AppClientMDB/build/jar/_ClientMDBPU login successful
Registrazione avvenuta con successo
Registrazione avvenuta con successo
Registrazione avvenuta con successo
Registrazione avvenuta con successo
Registrazione avvenuta con successo
Registrazione avvenuta con successo
Registrazione avvenuta con successo
Registrazione avvenuta con successo
Registrazione avvenuta con successo
Categoria rimossa con successo!
Categoria rimossa con successo!
Categoria rimossa con successo!
Registrazione avvenuta con successo
Registrazione avvenuta con successo
Registrazione avvenuta con successo
Registrazione avvenuta con successo
]]></system-out>
  <system-err><![CDATA[log4j:WARN No appenders could be found for logger (org.jboss.logging).
log4j:WARN Please initialize the log4j system properly.
log4j:WARN See http://logging.apache.org/log4j/1.2/faq.html#noconfig for more info.
]]></system-err>
</testsuite>
